Using pre-set license
Built from '2020.3/staging' branch; Version is '2020.3.4f1 (0abb6314276a) revision 703331'; Using compiler version '192528614'; Build Type 'Release'
OS: 'Windows 10 Home; OS build 19041.928; Version 2004; 64bit' Language: 'en' Physical Memory: 12177 MB
BatchMode: 1, IsHumanControllingUs: 0, StartBugReporterOnCrash: 0, Is64bit: 1, IsPro: 0

 COMMAND LINE ARGUMENTS:
C:\Program Files\Unity\Hub\Editor\2020.3.4f1\Editor\Unity.exe
-adb2
-batchMode
-noUpm
-name
AssetImportWorker3
-projectPath
D:/Projects/Unity Projects/New Unity Project
-logFile
Logs/AssetImportWorker3.log
-srvPort
3197
Successfully changed project path to: D:/Projects/Unity Projects/New Unity Project
D:/Projects/Unity Projects/New Unity Project
Using Asset Import Pipeline V2.
Refreshing native plugins compatible for Editor in 65.91 ms, found 1 plugins.
Preloading 0 native plugins for Editor in 0.00 ms.
Initialize engine version: 2020.3.4f1 (0abb6314276a)
[Subsystems] Discovering subsystems at path C:/Program Files/Unity/Hub/Editor/2020.3.4f1/Editor/Data/Resources/UnitySubsystems
[Subsystems] Discovering subsystems at path D:/Projects/Unity Projects/New Unity Project/Assets
GfxDevice: creating device client; threaded=0
Direct3D:
    Version:  Direct3D 11.0 [level 11.1]
    Renderer: Intel(R) HD Graphics 520 (ID=0x1916)
    Vendor:   
    VRAM:     6088 MB
    Driver:   22.20.16.4749
Initialize mono
Mono path[0] = 'C:/Program Files/Unity/Hub/Editor/2020.3.4f1/Editor/Data/Managed'
Mono path[1] = 'C:/Program Files/Unity/Hub/Editor/2020.3.4f1/Editor/Data/MonoBleedingEdge/lib/mono/unityjit'
Mono config path = 'C:/Program Files/Unity/Hub/Editor/2020.3.4f1/Editor/Data/MonoBleedingEdge/etc'
Using monoOptions --debugger-agent=transport=dt_socket,embedding=1,server=y,suspend=n,address=127.0.0.1:56552
Begin MonoManager ReloadAssembly
Registering precompiled unity dll's ...
Register platform support module: C:/Program Files/Unity/Hub/Editor/2020.3.4f1/Editor/Data/PlaybackEngines/WindowsStandaloneSupport/UnityEditor.WindowsStandalone.Extensions.dll
Registered in 0.003547 seconds.
Native extension for WindowsStandalone target not found
Refreshing native plugins compatible for Editor in 63.16 ms, found 1 plugins.
Preloading 0 native plugins for Editor in 0.00 ms.
Mono: successfully reloaded assembly
- Completed reload, in  1.990 seconds
Platform modules already initialized, skipping
Registering precompiled user dll's ...
Registered in 0.001242 seconds.
Begin MonoManager ReloadAssembly
Native extension for WindowsStandalone target not found
Refreshing native plugins compatible for Editor in 60.20 ms, found 1 plugins.
Preloading 0 native plugins for Editor in 0.00 ms.
Mono: successfully reloaded assembly
- Completed reload, in  1.586 seconds
Platform modules already initialized, skipping
========================================================================
Worker process is ready to serve import requests
Launched and connected shader compiler UnityShaderCompiler.exe after 0.11 seconds
Refreshing native plugins compatible for Editor in 0.63 ms, found 1 plugins.
Preloading 0 native plugins for Editor in 0.00 ms.
Unloading 1817 Unused Serialized files (Serialized files now loaded: 0)
System memory in use before: 85.6 MB.
System memory in use after: 85.5 MB.

Unloading 24 unused Assets to reduce memory usage. Loaded Objects now: 2263.
Total: 4.355600 ms (FindLiveObjects: 0.576700 ms CreateObjectMapping: 0.161000 ms MarkObjects: 3.418600 ms  DeleteObjects: 0.196900 ms)

========================================================================
Received Import Request.
  path: Assets/Art/icon.png
  artifactKey: Guid(b45ea558b4617ca4285fce8d53d0d753) Importer(815301076,1909f56bfc062723c751e8b465ee728b)
Start importing Assets/Art/icon.png using Guid(b45ea558b4617ca4285fce8d53d0d753) Importer(815301076,1909f56bfc062723c751e8b465ee728b)  -> (artifact id: '7fd9833249fdd35b206265950d4022ee') in 0.452262 seconds
  Import took 0.458937 seconds .

========================================================================
Received Import Request.
  Time since last request: 0.000361 seconds.
  path: Assets/Art/splash_img.png
  artifactKey: Guid(18b19929cc8ffc44189d02e11f4f55e6) Importer(815301076,1909f56bfc062723c751e8b465ee728b)
Start importing Assets/Art/splash_img.png using Guid(18b19929cc8ffc44189d02e11f4f55e6) Importer(815301076,1909f56bfc062723c751e8b465ee728b)  -> (artifact id: 'e92ee8bc24f7758a6859faa09a519ee1') in 0.049181 seconds
  Import took 0.064787 seconds .

========================================================================
Received Import Request.
  Time since last request: 34.180239 seconds.
  path: Assets/Art/icon.png
  artifactKey: Guid(b45ea558b4617ca4285fce8d53d0d753) Importer(815301076,1909f56bfc062723c751e8b465ee728b)
Start importing Assets/Art/icon.png using Guid(b45ea558b4617ca4285fce8d53d0d753) Importer(815301076,1909f56bfc062723c751e8b465ee728b)  -> (artifact id: '46c6d737af210d165f14eabcc53589fb') in 0.059189 seconds
  Import took 0.068098 seconds .

========================================================================
Received Prepare
Registering precompiled user dll's ...
Registered in 0.000937 seconds.
Begin MonoManager ReloadAssembly
Native extension for WindowsStandalone target not found
Refreshing native plugins compatible for Editor in 0.39 ms, found 1 plugins.
Preloading 0 native plugins for Editor in 0.00 ms.
Mono: successfully reloaded assembly
- Completed reload, in  1.216 seconds
Platform modules already initialized, skipping
Refreshing native plugins compatible for Editor in 0.65 ms, found 1 plugins.
Preloading 0 native plugins for Editor in 0.00 ms.
Unloading 1812 Unused Serialized files (Serialized files now loaded: 0)
System memory in use before: 88.6 MB.
System memory in use after: 88.5 MB.

Unloading 12 unused Assets to reduce memory usage. Loaded Objects now: 2275.
Total: 3.752500 ms (FindLiveObjects: 0.321500 ms CreateObjectMapping: 0.180600 ms MarkObjects: 3.073800 ms  DeleteObjects: 0.174800 ms)

========================================================================
Received Prepare
Refreshing native plugins compatible for Editor in 5.21 ms, found 1 plugins.
Preloading 0 native plugins for Editor in 0.00 ms.
Unloading 10 Unused Serialized files (Serialized files now loaded: 0)
System memory in use before: 52.9 MB.
System memory in use after: 52.9 MB.

Unloading 10 unused Assets to reduce memory usage. Loaded Objects now: 2275.
Total: 4.502800 ms (FindLiveObjects: 0.318300 ms CreateObjectMapping: 0.191500 ms MarkObjects: 3.827300 ms  DeleteObjects: 0.163800 ms)

========================================================================
Received Prepare
Registering precompiled user dll's ...
Registered in 0.000813 seconds.
Begin MonoManager ReloadAssembly
Native extension for WindowsStandalone target not found
Refreshing native plugins compatible for Editor in 0.39 ms, found 1 plugins.
Preloading 0 native plugins for Editor in 0.00 ms.
Mono: successfully reloaded assembly
- Completed reload, in  1.339 seconds
Platform modules already initialized, skipping
Refreshing native plugins compatible for Editor in 0.65 ms, found 1 plugins.
Preloading 0 native plugins for Editor in 0.00 ms.
Unloading 1812 Unused Serialized files (Serialized files now loaded: 0)
System memory in use before: 88.6 MB.
System memory in use after: 88.6 MB.

Unloading 12 unused Assets to reduce memory usage. Loaded Objects now: 2279.
Total: 5.055500 ms (FindLiveObjects: 1.800800 ms CreateObjectMapping: 0.190100 ms MarkObjects: 2.899100 ms  DeleteObjects: 0.163800 ms)

========================================================================
Received Prepare
Registering precompiled user dll's ...
Registered in 0.004244 seconds.
Begin MonoManager ReloadAssembly
Native extension for WindowsStandalone target not found
Refreshing native plugins compatible for Editor in 0.39 ms, found 1 plugins.
Preloading 0 native plugins for Editor in 0.00 ms.
Mono: successfully reloaded assembly
- Completed reload, in  2.245 seconds
Platform modules already initialized, skipping
Refreshing native plugins compatible for Editor in 0.93 ms, found 1 plugins.
Preloading 0 native plugins for Editor in 0.00 ms.
Unloading 1812 Unused Serialized files (Serialized files now loaded: 0)
System memory in use before: 88.6 MB.
System memory in use after: 88.6 MB.

Unloading 12 unused Assets to reduce memory usage. Loaded Objects now: 2283.
Total: 3.913500 ms (FindLiveObjects: 0.375600 ms CreateObjectMapping: 0.154800 ms MarkObjects: 3.189700 ms  DeleteObjects: 0.191400 ms)

========================================================================
Received Prepare
Registering precompiled user dll's ...
Registered in 0.000796 seconds.
Begin MonoManager ReloadAssembly
Native extension for WindowsStandalone target not found
Refreshing native plugins compatible for Editor in 0.49 ms, found 1 plugins.
Preloading 0 native plugins for Editor in 0.00 ms.
Mono: successfully reloaded assembly
- Completed reload, in  1.373 seconds
Platform modules already initialized, skipping
Refreshing native plugins compatible for Editor in 0.65 ms, found 1 plugins.
Preloading 0 native plugins for Editor in 0.00 ms.
Unloading 1812 Unused Serialized files (Serialized files now loaded: 0)
System memory in use before: 88.7 MB.
System memory in use after: 88.6 MB.

Unloading 12 unused Assets to reduce memory usage. Loaded Objects now: 2287.
Total: 3.711300 ms (FindLiveObjects: 0.348600 ms CreateObjectMapping: 0.132500 ms MarkObjects: 3.058600 ms  DeleteObjects: 0.170000 ms)

========================================================================
Received Prepare
Registering precompiled user dll's ...
Registered in 0.000811 seconds.
Begin MonoManager ReloadAssembly
Native extension for WindowsStandalone target not found
Refreshing native plugins compatible for Editor in 0.50 ms, found 1 plugins.
Preloading 0 native plugins for Editor in 0.00 ms.
Mono: successfully reloaded assembly
- Completed reload, in  1.363 seconds
Platform modules already initialized, skipping
Refreshing native plugins compatible for Editor in 0.63 ms, found 1 plugins.
Preloading 0 native plugins for Editor in 0.00 ms.
Unloading 1812 Unused Serialized files (Serialized files now loaded: 0)
System memory in use before: 88.7 MB.
System memory in use after: 88.6 MB.

Unloading 12 unused Assets to reduce memory usage. Loaded Objects now: 2291.
Total: 3.708400 ms (FindLiveObjects: 0.335100 ms CreateObjectMapping: 0.141500 ms MarkObjects: 3.048600 ms  DeleteObjects: 0.180800 ms)

========================================================================
Received Prepare
Registering precompiled user dll's ...
Registered in 0.000782 seconds.
Begin MonoManager ReloadAssembly
Native extension for WindowsStandalone target not found
Refreshing native plugins compatible for Editor in 0.41 ms, found 1 plugins.
Preloading 0 native plugins for Editor in 0.00 ms.
Mono: successfully reloaded assembly
- Completed reload, in  1.461 seconds
Platform modules already initialized, skipping
Refreshing native plugins compatible for Editor in 0.62 ms, found 1 plugins.
Preloading 0 native plugins for Editor in 0.00 ms.
Unloading 1812 Unused Serialized files (Serialized files now loaded: 0)
System memory in use before: 88.7 MB.
System memory in use after: 88.6 MB.

Unloading 12 unused Assets to reduce memory usage. Loaded Objects now: 2295.
Total: 3.616000 ms (FindLiveObjects: 0.344400 ms CreateObjectMapping: 0.140500 ms MarkObjects: 2.952900 ms  DeleteObjects: 0.176000 ms)

========================================================================
Received Prepare
Registering precompiled user dll's ...
Registered in 0.002555 seconds.
Begin MonoManager ReloadAssembly
Native extension for WindowsStandalone target not found
Refreshing native plugins compatible for Editor in 0.40 ms, found 1 plugins.
Preloading 0 native plugins for Editor in 0.00 ms.
Mono: successfully reloaded assembly
- Completed reload, in  1.195 seconds
Platform modules already initialized, skipping
Refreshing native plugins compatible for Editor in 0.65 ms, found 1 plugins.
Preloading 0 native plugins for Editor in 0.00 ms.
Unloading 1812 Unused Serialized files (Serialized files now loaded: 0)
System memory in use before: 88.7 MB.
System memory in use after: 88.7 MB.

Unloading 12 unused Assets to reduce memory usage. Loaded Objects now: 2299.
Total: 3.546700 ms (FindLiveObjects: 0.314900 ms CreateObjectMapping: 0.119200 ms MarkObjects: 2.944800 ms  DeleteObjects: 0.166300 ms)

========================================================================
Received Prepare
Registering precompiled user dll's ...
Registered in 0.001145 seconds.
Begin MonoManager ReloadAssembly
Native extension for WindowsStandalone target not found
Refreshing native plugins compatible for Editor in 1.12 ms, found 1 plugins.
Preloading 0 native plugins for Editor in 0.00 ms.
Mono: successfully reloaded assembly
- Completed reload, in  2.584 seconds
Platform modules already initialized, skipping
Refreshing native plugins compatible for Editor in 0.67 ms, found 1 plugins.
Preloading 0 native plugins for Editor in 0.00 ms.
Unloading 1812 Unused Serialized files (Serialized files now loaded: 0)
System memory in use before: 88.7 MB.
System memory in use after: 88.7 MB.

Unloading 12 unused Assets to reduce memory usage. Loaded Objects now: 2303.
Total: 4.003500 ms (FindLiveObjects: 0.392900 ms CreateObjectMapping: 0.342600 ms MarkObjects: 3.092100 ms  DeleteObjects: 0.174000 ms)

========================================================================
Received Prepare
Registering precompiled user dll's ...
Registered in 0.001202 seconds.
Begin MonoManager ReloadAssembly
Native extension for WindowsStandalone target not found
Refreshing native plugins compatible for Editor in 0.44 ms, found 1 plugins.
Preloading 0 native plugins for Editor in 0.00 ms.
Mono: successfully reloaded assembly
- Completed reload, in  1.144 seconds
Platform modules already initialized, skipping
Refreshing native plugins compatible for Editor in 0.62 ms, found 1 plugins.
Preloading 0 native plugins for Editor in 0.00 ms.
Unloading 1812 Unused Serialized files (Serialized files now loaded: 0)
System memory in use before: 88.7 MB.
System memory in use after: 88.7 MB.

Unloading 12 unused Assets to reduce memory usage. Loaded Objects now: 2307.
Total: 3.651200 ms (FindLiveObjects: 0.320600 ms CreateObjectMapping: 0.121900 ms MarkObjects: 3.032800 ms  DeleteObjects: 0.173300 ms)

========================================================================
Received Prepare
Registering precompiled user dll's ...
Registered in 0.001257 seconds.
Begin MonoManager ReloadAssembly
Native extension for WindowsStandalone target not found
Refreshing native plugins compatible for Editor in 0.53 ms, found 1 plugins.
Preloading 0 native plugins for Editor in 0.00 ms.
Mono: successfully reloaded assembly
- Completed reload, in  1.145 seconds
Platform modules already initialized, skipping
Refreshing native plugins compatible for Editor in 0.64 ms, found 1 plugins.
Preloading 0 native plugins for Editor in 0.00 ms.
Unloading 1812 Unused Serialized files (Serialized files now loaded: 0)
System memory in use before: 88.7 MB.
System memory in use after: 88.7 MB.

Unloading 12 unused Assets to reduce memory usage. Loaded Objects now: 2311.
Total: 3.786100 ms (FindLiveObjects: 0.345800 ms CreateObjectMapping: 0.237900 ms MarkObjects: 3.026200 ms  DeleteObjects: 0.174300 ms)

========================================================================
Received Prepare
Registering precompiled user dll's ...
Registered in 0.000768 seconds.
Begin MonoManager ReloadAssembly
Native extension for WindowsStandalone target not found
Refreshing native plugins compatible for Editor in 0.50 ms, found 1 plugins.
Preloading 0 native plugins for Editor in 0.00 ms.
Mono: successfully reloaded assembly
- Completed reload, in  1.161 seconds
Platform modules already initialized, skipping
Refreshing native plugins compatible for Editor in 0.66 ms, found 1 plugins.
Preloading 0 native plugins for Editor in 0.00 ms.
Unloading 1812 Unused Serialized files (Serialized files now loaded: 0)
System memory in use before: 88.7 MB.
System memory in use after: 88.7 MB.

Unloading 12 unused Assets to reduce memory usage. Loaded Objects now: 2315.
Total: 4.249100 ms (FindLiveObjects: 0.582700 ms CreateObjectMapping: 0.217200 ms MarkObjects: 3.275800 ms  DeleteObjects: 0.170300 ms)

========================================================================
Received Prepare
Registering precompiled user dll's ...
Registered in 0.001110 seconds.
Begin MonoManager ReloadAssembly
Native extension for WindowsStandalone target not found
Refreshing native plugins compatible for Editor in 1.94 ms, found 1 plugins.
Preloading 0 native plugins for Editor in 0.00 ms.
Mono: successfully reloaded assembly
- Completed reload, in  1.311 seconds
Platform modules already initialized, skipping
Refreshing native plugins compatible for Editor in 0.43 ms, found 1 plugins.
Preloading 0 native plugins for Editor in 0.00 ms.
Unloading 1812 Unused Serialized files (Serialized files now loaded: 0)
System memory in use before: 88.7 MB.
System memory in use after: 88.7 MB.

Unloading 12 unused Assets to reduce memory usage. Loaded Objects now: 2319.
Total: 3.763500 ms (FindLiveObjects: 0.336500 ms CreateObjectMapping: 0.217500 ms MarkObjects: 3.018100 ms  DeleteObjects: 0.189500 ms)

========================================================================
Received Prepare
Registering precompiled user dll's ...
Registered in 0.000791 seconds.
Begin MonoManager ReloadAssembly
Native extension for WindowsStandalone target not found
Refreshing native plugins compatible for Editor in 0.41 ms, found 1 plugins.
Preloading 0 native plugins for Editor in 0.00 ms.
Mono: successfully reloaded assembly
- Completed reload, in  1.130 seconds
Platform modules already initialized, skipping
Refreshing native plugins compatible for Editor in 0.64 ms, found 1 plugins.
Preloading 0 native plugins for Editor in 0.00 ms.
Unloading 1812 Unused Serialized files (Serialized files now loaded: 0)
System memory in use before: 88.7 MB.
System memory in use after: 88.7 MB.

Unloading 12 unused Assets to reduce memory usage. Loaded Objects now: 2323.
Total: 3.698700 ms (FindLiveObjects: 0.336100 ms CreateObjectMapping: 0.143700 ms MarkObjects: 3.042600 ms  DeleteObjects: 0.174300 ms)

========================================================================
Received Prepare
Registering precompiled user dll's ...
Registered in 0.000819 seconds.
Begin MonoManager ReloadAssembly
Native extension for WindowsStandalone target not found
Refreshing native plugins compatible for Editor in 0.41 ms, found 1 plugins.
Preloading 0 native plugins for Editor in 0.00 ms.
Mono: successfully reloaded assembly
- Completed reload, in  1.305 seconds
Platform modules already initialized, skipping
Refreshing native plugins compatible for Editor in 0.64 ms, found 1 plugins.
Preloading 0 native plugins for Editor in 0.00 ms.
Unloading 1812 Unused Serialized files (Serialized files now loaded: 0)
System memory in use before: 88.7 MB.
System memory in use after: 88.7 MB.

Unloading 12 unused Assets to reduce memory usage. Loaded Objects now: 2327.
Total: 3.384900 ms (FindLiveObjects: 0.336300 ms CreateObjectMapping: 0.182800 ms MarkObjects: 2.687500 ms  DeleteObjects: 0.176400 ms)

========================================================================
Received Prepare
Registering precompiled user dll's ...
Registered in 0.001255 seconds.
Begin MonoManager ReloadAssembly
Native extension for WindowsStandalone target not found
Refreshing native plugins compatible for Editor in 0.39 ms, found 1 plugins.
Preloading 0 native plugins for Editor in 0.00 ms.
Mono: successfully reloaded assembly
- Completed reload, in  1.353 seconds
Platform modules already initialized, skipping
Refreshing native plugins compatible for Editor in 0.65 ms, found 1 plugins.
Preloading 0 native plugins for Editor in 0.00 ms.
Unloading 1812 Unused Serialized files (Serialized files now loaded: 0)
System memory in use before: 88.8 MB.
System memory in use after: 88.7 MB.

Unloading 12 unused Assets to reduce memory usage. Loaded Objects now: 2331.
Total: 3.554800 ms (FindLiveObjects: 0.324300 ms CreateObjectMapping: 0.117000 ms MarkObjects: 2.940800 ms  DeleteObjects: 0.170300 ms)

========================================================================
Received Prepare
Registering precompiled user dll's ...
Registered in 0.000865 seconds.
Begin MonoManager ReloadAssembly
Native extension for WindowsStandalone target not found
Refreshing native plugins compatible for Editor in 0.44 ms, found 1 plugins.
Preloading 0 native plugins for Editor in 0.00 ms.
Mono: successfully reloaded assembly
- Completed reload, in  1.437 seconds
Platform modules already initialized, skipping
Refreshing native plugins compatible for Editor in 0.71 ms, found 1 plugins.
Preloading 0 native plugins for Editor in 0.00 ms.
Unloading 1812 Unused Serialized files (Serialized files now loaded: 0)
System memory in use before: 88.8 MB.
System memory in use after: 88.7 MB.

Unloading 12 unused Assets to reduce memory usage. Loaded Objects now: 2335.
Total: 4.387600 ms (FindLiveObjects: 0.662800 ms CreateObjectMapping: 0.206200 ms MarkObjects: 3.200500 ms  DeleteObjects: 0.315800 ms)

========================================================================
Received Prepare
Registering precompiled user dll's ...
Registered in 0.000794 seconds.
Begin MonoManager ReloadAssembly
Native extension for WindowsStandalone target not found
Refreshing native plugins compatible for Editor in 1.63 ms, found 1 plugins.
Preloading 0 native plugins for Editor in 0.00 ms.
Mono: successfully reloaded assembly
- Completed reload, in  1.182 seconds
Platform modules already initialized, skipping
Refreshing native plugins compatible for Editor in 0.64 ms, found 1 plugins.
Preloading 0 native plugins for Editor in 0.00 ms.
Unloading 1812 Unused Serialized files (Serialized files now loaded: 0)
System memory in use before: 88.8 MB.
System memory in use after: 88.7 MB.

Unloading 12 unused Assets to reduce memory usage. Loaded Objects now: 2339.
Total: 3.710900 ms (FindLiveObjects: 0.348500 ms CreateObjectMapping: 0.127800 ms MarkObjects: 3.056700 ms  DeleteObjects: 0.175700 ms)

========================================================================
Received Import Request.
  Time since last request: 25544.167236 seconds.
  path: Assets/appear.anim
  artifactKey: Guid(1cfe1f794c0309147b2ae06681b5d332) Importer(815301076,1909f56bfc062723c751e8b465ee728b)
Start importing Assets/appear.anim using Guid(1cfe1f794c0309147b2ae06681b5d332) Importer(815301076,1909f56bfc062723c751e8b465ee728b)  -> (artifact id: '48377db7b872120029a40bf635c6b75c') in 0.077177 seconds
  Import took 0.082014 seconds .

========================================================================
Received Import Request.
  Time since last request: 6.306743 seconds.
  path: Assets/appear.anim
  artifactKey: Guid(1cfe1f794c0309147b2ae06681b5d332) Importer(815301076,1909f56bfc062723c751e8b465ee728b)
Start importing Assets/appear.anim using Guid(1cfe1f794c0309147b2ae06681b5d332) Importer(815301076,1909f56bfc062723c751e8b465ee728b)  -> (artifact id: '3d3a61f95c772ed239d45549a5d7eba9') in 0.016341 seconds
  Import took 0.020265 seconds .

========================================================================
Received Import Request.
  Time since last request: 229.741422 seconds.
  path: Assets/star_appear.anim
  artifactKey: Guid(1cfe1f794c0309147b2ae06681b5d332) Importer(815301076,1909f56bfc062723c751e8b465ee728b)
Start importing Assets/star_appear.anim using Guid(1cfe1f794c0309147b2ae06681b5d332) Importer(815301076,1909f56bfc062723c751e8b465ee728b)  -> (artifact id: 'e149f054cc7a66a33773678980b24e8f') in 0.016720 seconds
  Import took 0.024463 seconds .

========================================================================
Received Import Request.
  Time since last request: 0.000600 seconds.
  path: Assets/star_appear.anim
  artifactKey: Guid(1cfe1f794c0309147b2ae06681b5d332) Importer(815301076,1909f56bfc062723c751e8b465ee728b)
Start importing Assets/star_appear.anim using Guid(1cfe1f794c0309147b2ae06681b5d332) Importer(815301076,1909f56bfc062723c751e8b465ee728b)  -> (artifact id: 'e149f054cc7a66a33773678980b24e8f') in 0.008074 seconds
  Import took 0.016280 seconds .

========================================================================
Received Import Request.
  Time since last request: 8.013870 seconds.
  path: Assets/star_disappear.anim
  artifactKey: Guid(8b73cd4a79560f949bd2718ed10d61d9) Importer(815301076,1909f56bfc062723c751e8b465ee728b)
Start importing Assets/star_disappear.anim using Guid(8b73cd4a79560f949bd2718ed10d61d9) Importer(815301076,1909f56bfc062723c751e8b465ee728b)  -> (artifact id: '10a17a3a825c1d53cc0236d19cea5dbf') in 0.015704 seconds
  Import took 0.020762 seconds .

========================================================================
Received Import Request.
  Time since last request: 0.000540 seconds.
  path: Assets/star_disappear.anim
  artifactKey: Guid(8b73cd4a79560f949bd2718ed10d61d9) Importer(815301076,1909f56bfc062723c751e8b465ee728b)
Start importing Assets/star_disappear.anim using Guid(8b73cd4a79560f949bd2718ed10d61d9) Importer(815301076,1909f56bfc062723c751e8b465ee728b)  -> (artifact id: '10a17a3a825c1d53cc0236d19cea5dbf') in 0.012629 seconds
  Import took 0.017487 seconds .

========================================================================
Received Import Request.
  Time since last request: 2.778803 seconds.
  path: Assets/star_disappear.anim
  artifactKey: Guid(8b73cd4a79560f949bd2718ed10d61d9) Importer(815301076,1909f56bfc062723c751e8b465ee728b)
Start importing Assets/star_disappear.anim using Guid(8b73cd4a79560f949bd2718ed10d61d9) Importer(815301076,1909f56bfc062723c751e8b465ee728b)  -> (artifact id: '003094fde8d83e7d71454e59afbf2ae4') in 0.010857 seconds
  Import took 0.014757 seconds .

========================================================================
Received Prepare
Registering precompiled user dll's ...
Registered in 0.000824 seconds.
Begin MonoManager ReloadAssembly
Native extension for WindowsStandalone target not found
Refreshing native plugins compatible for Editor in 0.40 ms, found 1 plugins.
Preloading 0 native plugins for Editor in 0.00 ms.
Mono: successfully reloaded assembly
- Completed reload, in  1.315 seconds
Platform modules already initialized, skipping
Refreshing native plugins compatible for Editor in 0.39 ms, found 1 plugins.
Preloading 0 native plugins for Editor in 0.00 ms.
Unloading 1812 Unused Serialized files (Serialized files now loaded: 0)
System memory in use before: 88.8 MB.
System memory in use after: 88.8 MB.

Unloading 12 unused Assets to reduce memory usage. Loaded Objects now: 2343.
Total: 3.529300 ms (FindLiveObjects: 0.293800 ms CreateObjectMapping: 0.110800 ms MarkObjects: 2.943700 ms  DeleteObjects: 0.178900 ms)

========================================================================
Received Prepare
Registering precompiled user dll's ...
Registered in 0.000780 seconds.
Begin MonoManager ReloadAssembly
Native extension for WindowsStandalone target not found
Refreshing native plugins compatible for Editor in 0.39 ms, found 1 plugins.
Preloading 0 native plugins for Editor in 0.00 ms.
Mono: successfully reloaded assembly
- Completed reload, in  1.116 seconds
Platform modules already initialized, skipping
Refreshing native plugins compatible for Editor in 0.66 ms, found 1 plugins.
Preloading 0 native plugins for Editor in 0.00 ms.
Unloading 1812 Unused Serialized files (Serialized files now loaded: 0)
System memory in use before: 88.8 MB.
System memory in use after: 88.8 MB.

Unloading 12 unused Assets to reduce memory usage. Loaded Objects now: 2347.
Total: 3.771200 ms (FindLiveObjects: 0.328700 ms CreateObjectMapping: 0.142000 ms MarkObjects: 3.128100 ms  DeleteObjects: 0.170100 ms)

========================================================================
Received Import Request.
  Time since last request: 550.275810 seconds.
  path: Assets/Art/UI/astronaut.png
  artifactKey: Guid(c4d264b94f518ff4d89e3558c395333e) Importer(815301076,1909f56bfc062723c751e8b465ee728b)
Start importing Assets/Art/UI/astronaut.png using Guid(c4d264b94f518ff4d89e3558c395333e) Importer(815301076,1909f56bfc062723c751e8b465ee728b)  -> (artifact id: '54516d6de36fe52cf0f9debdb5caeabb') in 0.145957 seconds
  Import took 0.153083 seconds .

========================================================================
Received Import Request.
  Time since last request: 4.942147 seconds.
  path: Assets/Resources
  artifactKey: Guid(bacea7369d18d6f4a84e4336894fd442) Importer(815301076,1909f56bfc062723c751e8b465ee728b)
Start importing Assets/Resources using Guid(bacea7369d18d6f4a84e4336894fd442) Importer(815301076,1909f56bfc062723c751e8b465ee728b)  -> (artifact id: '6ea206a0502ae9e0c2a42a3832388c15') in 0.012830 seconds
  Import took 0.017076 seconds .

========================================================================
Received Import Request.
  Time since last request: 1.538729 seconds.
  path: Assets/Resources/pictures
  artifactKey: Guid(27c29870a0c768849ab1c74fefbf51ed) Importer(815301076,1909f56bfc062723c751e8b465ee728b)
Start importing Assets/Resources/pictures using Guid(27c29870a0c768849ab1c74fefbf51ed) Importer(815301076,1909f56bfc062723c751e8b465ee728b)  -> (artifact id: 'a48969787caf47be62a69ce775384fcc') in 0.023952 seconds
  Import took 0.031608 seconds .

========================================================================
Received Import Request.
  Time since last request: 12.843738 seconds.
  path: Assets/Art/UI/star/New Animation.anim
  artifactKey: Guid(21bf85532c4ab8e4dac74be4435479f5) Importer(815301076,1909f56bfc062723c751e8b465ee728b)
Start importing Assets/Art/UI/star/New Animation.anim using Guid(21bf85532c4ab8e4dac74be4435479f5) Importer(815301076,1909f56bfc062723c751e8b465ee728b)  -> (artifact id: '85bc2f149c70f50f3d135c9b55754c5e') in 0.010587 seconds
  Import took 0.014138 seconds .

========================================================================
Received Import Request.
  Time since last request: 0.005477 seconds.
  path: Assets/Art/UI/star/New Animation.anim
  artifactKey: Guid(21bf85532c4ab8e4dac74be4435479f5) Importer(815301076,1909f56bfc062723c751e8b465ee728b)
Start importing Assets/Art/UI/star/New Animation.anim using Guid(21bf85532c4ab8e4dac74be4435479f5) Importer(815301076,1909f56bfc062723c751e8b465ee728b)  -> (artifact id: '85bc2f149c70f50f3d135c9b55754c5e') in 0.004652 seconds
  Import took 0.008718 seconds .

========================================================================
Received Import Request.
  Time since last request: 4.366734 seconds.
  path: Assets/Art/UI/star/star_rotate.anim
  artifactKey: Guid(21bf85532c4ab8e4dac74be4435479f5) Importer(815301076,1909f56bfc062723c751e8b465ee728b)
Start importing Assets/Art/UI/star/star_rotate.anim using Guid(21bf85532c4ab8e4dac74be4435479f5) Importer(815301076,1909f56bfc062723c751e8b465ee728b)  -> (artifact id: '347fa50164ddc8dd8c701a8022cb4917') in 0.012835 seconds
  Import took 0.017477 seconds .

========================================================================
Received Import Request.
  Time since last request: 151.685721 seconds.
  path: Assets/Art/UI/star/Image.controller
  artifactKey: Guid(4193d6da76b90fa4e8cb1ceac4eca653) Importer(815301076,1909f56bfc062723c751e8b465ee728b)
Start importing Assets/Art/UI/star/Image.controller using Guid(4193d6da76b90fa4e8cb1ceac4eca653) Importer(815301076,1909f56bfc062723c751e8b465ee728b)  -> (artifact id: 'fd737f8cbda8afc10636f3a6133bde5b') in 0.018451 seconds
  Import took 0.023013 seconds .

========================================================================
Received Prepare
Registering precompiled user dll's ...
Registered in 0.002593 seconds.
Begin MonoManager ReloadAssembly
Native extension for WindowsStandalone target not found
Refreshing native plugins compatible for Editor in 0.43 ms, found 1 plugins.
Preloading 0 native plugins for Editor in 0.00 ms.
Mono: successfully reloaded assembly
- Completed reload, in  1.161 seconds
Platform modules already initialized, skipping
Refreshing native plugins compatible for Editor in 0.64 ms, found 1 plugins.
Preloading 0 native plugins for Editor in 0.00 ms.
Unloading 1812 Unused Serialized files (Serialized files now loaded: 0)
System memory in use before: 88.8 MB.
System memory in use after: 88.8 MB.

Unloading 12 unused Assets to reduce memory usage. Loaded Objects now: 2354.
Total: 3.783000 ms (FindLiveObjects: 0.333200 ms CreateObjectMapping: 0.133600 ms MarkObjects: 3.131400 ms  DeleteObjects: 0.182500 ms)

========================================================================
Received Import Request.
  Time since last request: 172.422772 seconds.
  path: Assets/Art/UI/star/star_rotate.anim
  artifactKey: Guid(21bf85532c4ab8e4dac74be4435479f5) Importer(815301076,1909f56bfc062723c751e8b465ee728b)
Start importing Assets/Art/UI/star/star_rotate.anim using Guid(21bf85532c4ab8e4dac74be4435479f5) Importer(815301076,1909f56bfc062723c751e8b465ee728b)  -> (artifact id: '6aa4e0747dced05960b31dac17058932') in 0.035887 seconds
  Import took 0.040939 seconds .

========================================================================
Received Import Request.
  Time since last request: 0.001740 seconds.
  path: Assets/Art/UI/star/star_rotate.anim
  artifactKey: Guid(21bf85532c4ab8e4dac74be4435479f5) Importer(815301076,1909f56bfc062723c751e8b465ee728b)
Start importing Assets/Art/UI/star/star_rotate.anim using Guid(21bf85532c4ab8e4dac74be4435479f5) Importer(815301076,1909f56bfc062723c751e8b465ee728b)  -> (artifact id: '6aa4e0747dced05960b31dac17058932') in 0.006806 seconds
  Import took 0.012816 seconds .

========================================================================
Received Import Request.
  Time since last request: 59.427454 seconds.
  path: Assets/star_appear.anim
  artifactKey: Guid(1cfe1f794c0309147b2ae06681b5d332) Importer(815301076,1909f56bfc062723c751e8b465ee728b)
Start importing Assets/star_appear.anim using Guid(1cfe1f794c0309147b2ae06681b5d332) Importer(815301076,1909f56bfc062723c751e8b465ee728b)  -> (artifact id: '9469c5e2d3136e20ce03a81ad0008e3d') in 0.008107 seconds
  Import took 0.017353 seconds .

========================================================================
Received Import Request.
  Time since last request: 0.000989 seconds.
  path: Assets/star_appear.anim
  artifactKey: Guid(1cfe1f794c0309147b2ae06681b5d332) Importer(815301076,1909f56bfc062723c751e8b465ee728b)
Start importing Assets/star_appear.anim using Guid(1cfe1f794c0309147b2ae06681b5d332) Importer(815301076,1909f56bfc062723c751e8b465ee728b)  -> (artifact id: '9469c5e2d3136e20ce03a81ad0008e3d') in 0.007220 seconds
  Import took 0.011974 seconds .

========================================================================
Received Prepare
Registering precompiled user dll's ...
Registered in 0.000793 seconds.
Begin MonoManager ReloadAssembly
Native extension for WindowsStandalone target not found
Refreshing native plugins compatible for Editor in 0.46 ms, found 1 plugins.
Preloading 0 native plugins for Editor in 0.00 ms.
Mono: successfully reloaded assembly
- Completed reload, in  1.249 seconds
Platform modules already initialized, skipping
Refreshing native plugins compatible for Editor in 0.64 ms, found 1 plugins.
Preloading 0 native plugins for Editor in 0.00 ms.
Unloading 1812 Unused Serialized files (Serialized files now loaded: 0)
System memory in use before: 88.8 MB.
System memory in use after: 88.8 MB.

Unloading 12 unused Assets to reduce memory usage. Loaded Objects now: 2358.
Total: 3.264500 ms (FindLiveObjects: 0.336200 ms CreateObjectMapping: 0.154200 ms MarkObjects: 2.605000 ms  DeleteObjects: 0.166700 ms)

========================================================================
Received Prepare
Registering precompiled user dll's ...
Registered in 0.001193 seconds.
Begin MonoManager ReloadAssembly
Native extension for WindowsStandalone target not found
Refreshing native plugins compatible for Editor in 0.39 ms, found 1 plugins.
Preloading 0 native plugins for Editor in 0.00 ms.
Mono: successfully reloaded assembly
- Completed reload, in  1.221 seconds
Platform modules already initialized, skipping
Refreshing native plugins compatible for Editor in 0.73 ms, found 1 plugins.
Preloading 0 native plugins for Editor in 0.00 ms.
Unloading 1812 Unused Serialized files (Serialized files now loaded: 0)
System memory in use before: 88.8 MB.
System memory in use after: 88.8 MB.

Unloading 12 unused Assets to reduce memory usage. Loaded Objects now: 2362.
Total: 4.602300 ms (FindLiveObjects: 0.893900 ms CreateObjectMapping: 0.322100 ms MarkObjects: 3.196200 ms  DeleteObjects: 0.187100 ms)

========================================================================
Received Import Request.
  Time since last request: 465.203009 seconds.
  path: Assets/star.cs
  artifactKey: Guid(785dbaae7eb49634a918eb3827a1e9aa) Importer(815301076,1909f56bfc062723c751e8b465ee728b)
Start importing Assets/star.cs using Guid(785dbaae7eb49634a918eb3827a1e9aa) Importer(815301076,1909f56bfc062723c751e8b465ee728b)  -> (artifact id: '96a621bf02cefba5051abd9e1bd6c578') in 0.078509 seconds
  Import took 0.084433 seconds .

========================================================================
Received Prepare
Registering precompiled user dll's ...
Registered in 0.000811 seconds.
Begin MonoManager ReloadAssembly
Native extension for WindowsStandalone target not found
Refreshing native plugins compatible for Editor in 0.40 ms, found 1 plugins.
Preloading 0 native plugins for Editor in 0.00 ms.
Mono: successfully reloaded assembly
- Completed reload, in  1.905 seconds
Platform modules already initialized, skipping
Refreshing native plugins compatible for Editor in 0.65 ms, found 1 plugins.
Preloading 0 native plugins for Editor in 0.00 ms.
Unloading 1813 Unused Serialized files (Serialized files now loaded: 0)
System memory in use before: 88.9 MB.
System memory in use after: 88.8 MB.

Unloading 12 unused Assets to reduce memory usage. Loaded Objects now: 2367.
Total: 5.614800 ms (FindLiveObjects: 0.352700 ms CreateObjectMapping: 0.156200 ms MarkObjects: 4.930100 ms  DeleteObjects: 0.173200 ms)

========================================================================
Received Prepare
Registering precompiled user dll's ...
Registered in 0.000856 seconds.
Begin MonoManager ReloadAssembly
Native extension for WindowsStandalone target not found
Refreshing native plugins compatible for Editor in 0.67 ms, found 1 plugins.
Preloading 0 native plugins for Editor in 0.00 ms.
Mono: successfully reloaded assembly
- Completed reload, in  1.267 seconds
Platform modules already initialized, skipping
Refreshing native plugins compatible for Editor in 0.62 ms, found 1 plugins.
Preloading 0 native plugins for Editor in 0.00 ms.
Unloading 1813 Unused Serialized files (Serialized files now loaded: 0)
System memory in use before: 88.9 MB.
System memory in use after: 88.9 MB.

Unloading 12 unused Assets to reduce memory usage. Loaded Objects now: 2371.
Total: 3.689200 ms (FindLiveObjects: 0.301400 ms CreateObjectMapping: 0.108900 ms MarkObjects: 3.105900 ms  DeleteObjects: 0.171000 ms)

========================================================================
Received Import Request.
  Time since last request: 49.671743 seconds.
  path: Assets/star.cs
  artifactKey: Guid(785dbaae7eb49634a918eb3827a1e9aa) Importer(815301076,1909f56bfc062723c751e8b465ee728b)
Start importing Assets/star.cs using Guid(785dbaae7eb49634a918eb3827a1e9aa) Importer(815301076,1909f56bfc062723c751e8b465ee728b)  -> (artifact id: '4cb4df17629e2657ece55aca75409297') in 0.005989 seconds
  Import took 0.010717 seconds .

========================================================================
Received Prepare
Registering precompiled user dll's ...
Registered in 0.001102 seconds.
Begin MonoManager ReloadAssembly
Native extension for WindowsStandalone target not found
Refreshing native plugins compatible for Editor in 0.42 ms, found 1 plugins.
Preloading 0 native plugins for Editor in 0.00 ms.
Mono: successfully reloaded assembly
- Completed reload, in  1.363 seconds
Platform modules already initialized, skipping
Refreshing native plugins compatible for Editor in 0.65 ms, found 1 plugins.
Preloading 0 native plugins for Editor in 0.00 ms.
Unloading 1813 Unused Serialized files (Serialized files now loaded: 0)
System memory in use before: 88.9 MB.
System memory in use after: 88.9 MB.

Unloading 12 unused Assets to reduce memory usage. Loaded Objects now: 2375.
Total: 3.830600 ms (FindLiveObjects: 0.435600 ms CreateObjectMapping: 0.155500 ms MarkObjects: 3.054700 ms  DeleteObjects: 0.182600 ms)

========================================================================
Received Prepare
Registering precompiled user dll's ...
Registered in 0.000824 seconds.
Begin MonoManager ReloadAssembly
Native extension for WindowsStandalone target not found
Refreshing native plugins compatible for Editor in 0.65 ms, found 1 plugins.
Preloading 0 native plugins for Editor in 0.00 ms.
Mono: successfully reloaded assembly
- Completed reload, in  1.779 seconds
Platform modules already initialized, skipping
Refreshing native plugins compatible for Editor in 0.67 ms, found 1 plugins.
Preloading 0 native plugins for Editor in 0.00 ms.
Unloading 1813 Unused Serialized files (Serialized files now loaded: 0)
System memory in use before: 88.9 MB.
System memory in use after: 88.9 MB.

Unloading 12 unused Assets to reduce memory usage. Loaded Objects now: 2379.
Total: 3.671100 ms (FindLiveObjects: 0.335600 ms CreateObjectMapping: 0.128400 ms MarkObjects: 3.019100 ms  DeleteObjects: 0.186000 ms)

========================================================================
Received Prepare
Registering precompiled user dll's ...
Registered in 0.001137 seconds.
Begin MonoManager ReloadAssembly
Native extension for WindowsStandalone target not found
Refreshing native plugins compatible for Editor in 0.63 ms, found 1 plugins.
Preloading 0 native plugins for Editor in 0.00 ms.
Mono: successfully reloaded assembly
- Completed reload, in  1.337 seconds
Platform modules already initialized, skipping
Refreshing native plugins compatible for Editor in 0.64 ms, found 1 plugins.
Preloading 0 native plugins for Editor in 0.00 ms.
Unloading 1813 Unused Serialized files (Serialized files now loaded: 0)
System memory in use before: 88.9 MB.
System memory in use after: 88.9 MB.

Unloading 12 unused Assets to reduce memory usage. Loaded Objects now: 2383.
Total: 3.923200 ms (FindLiveObjects: 0.326900 ms CreateObjectMapping: 0.145800 ms MarkObjects: 3.270200 ms  DeleteObjects: 0.178200 ms)

========================================================================
Received Prepare
Registering precompiled user dll's ...
Registered in 0.002779 seconds.
Begin MonoManager ReloadAssembly
Native extension for WindowsStandalone target not found
Refreshing native plugins compatible for Editor in 0.86 ms, found 1 plugins.
Preloading 0 native plugins for Editor in 0.00 ms.
Mono: successfully reloaded assembly
- Completed reload, in  4.551 seconds
Platform modules already initialized, skipping
Refreshing native plugins compatible for Editor in 1.03 ms, found 1 plugins.
Preloading 0 native plugins for Editor in 0.00 ms.
Unloading 1813 Unused Serialized files (Serialized files now loaded: 0)
System memory in use before: 88.9 MB.
System memory in use after: 88.9 MB.

Unloading 12 unused Assets to reduce memory usage. Loaded Objects now: 2387.
Total: 9.866500 ms (FindLiveObjects: 1.127200 ms CreateObjectMapping: 0.207800 ms MarkObjects: 8.080800 ms  DeleteObjects: 0.442600 ms)

========================================================================
Received Prepare
Registering precompiled user dll's ...
Registered in 0.000832 seconds.
Begin MonoManager ReloadAssembly
Native extension for WindowsStandalone target not found
Refreshing native plugins compatible for Editor in 0.68 ms, found 1 plugins.
Preloading 0 native plugins for Editor in 0.00 ms.
Mono: successfully reloaded assembly
- Completed reload, in  1.256 seconds
Platform modules already initialized, skipping
Refreshing native plugins compatible for Editor in 0.64 ms, found 1 plugins.
Preloading 0 native plugins for Editor in 0.00 ms.
Unloading 1813 Unused Serialized files (Serialized files now loaded: 0)
System memory in use before: 88.9 MB.
System memory in use after: 88.9 MB.

Unloading 12 unused Assets to reduce memory usage. Loaded Objects now: 2391.
Total: 3.907000 ms (FindLiveObjects: 0.332700 ms CreateObjectMapping: 0.137600 ms MarkObjects: 3.259300 ms  DeleteObjects: 0.175300 ms)

========================================================================
Received Prepare
Registering precompiled user dll's ...
Registered in 0.000827 seconds.
Begin MonoManager ReloadAssembly
Native extension for WindowsStandalone target not found
Refreshing native plugins compatible for Editor in 0.69 ms, found 1 plugins.
Preloading 0 native plugins for Editor in 0.00 ms.
Mono: successfully reloaded assembly
- Completed reload, in  1.214 seconds
Platform modules already initialized, skipping
Refreshing native plugins compatible for Editor in 0.66 ms, found 1 plugins.
Preloading 0 native plugins for Editor in 0.00 ms.
Unloading 1813 Unused Serialized files (Serialized files now loaded: 0)
System memory in use before: 88.9 MB.
System memory in use after: 88.9 MB.

Unloading 12 unused Assets to reduce memory usage. Loaded Objects now: 2395.
Total: 4.015100 ms (FindLiveObjects: 0.491600 ms CreateObjectMapping: 0.246000 ms MarkObjects: 3.088200 ms  DeleteObjects: 0.187000 ms)

========================================================================
Received Prepare
Registering precompiled user dll's ...
Registered in 0.000794 seconds.
Begin MonoManager ReloadAssembly
Native extension for WindowsStandalone target not found
Refreshing native plugins compatible for Editor in 0.40 ms, found 1 plugins.
Preloading 0 native plugins for Editor in 0.00 ms.
Mono: successfully reloaded assembly
- Completed reload, in  1.217 seconds
Platform modules already initialized, skipping
Refreshing native plugins compatible for Editor in 0.67 ms, found 1 plugins.
Preloading 0 native plugins for Editor in 0.00 ms.
Unloading 1813 Unused Serialized files (Serialized files now loaded: 0)
System memory in use before: 89.0 MB.
System memory in use after: 88.9 MB.

Unloading 12 unused Assets to reduce memory usage. Loaded Objects now: 2399.
Total: 3.949700 ms (FindLiveObjects: 0.347600 ms CreateObjectMapping: 0.160100 ms MarkObjects: 3.262600 ms  DeleteObjects: 0.176800 ms)

========================================================================
Received Prepare
Registering precompiled user dll's ...
Registered in 0.000835 seconds.
Begin MonoManager ReloadAssembly
Native extension for WindowsStandalone target not found
Refreshing native plugins compatible for Editor in 0.42 ms, found 1 plugins.
Preloading 0 native plugins for Editor in 0.00 ms.
Mono: successfully reloaded assembly
- Completed reload, in  1.109 seconds
Platform modules already initialized, skipping
Refreshing native plugins compatible for Editor in 0.68 ms, found 1 plugins.
Preloading 0 native plugins for Editor in 0.00 ms.
Unloading 1813 Unused Serialized files (Serialized files now loaded: 0)
System memory in use before: 89.0 MB.
System memory in use after: 88.9 MB.

Unloading 12 unused Assets to reduce memory usage. Loaded Objects now: 2403.
Total: 3.821200 ms (FindLiveObjects: 0.360200 ms CreateObjectMapping: 0.124900 ms MarkObjects: 3.161000 ms  DeleteObjects: 0.173100 ms)

========================================================================
Received Prepare
Registering precompiled user dll's ...
Registered in 0.000803 seconds.
Begin MonoManager ReloadAssembly
Native extension for WindowsStandalone target not found
Refreshing native plugins compatible for Editor in 0.41 ms, found 1 plugins.
Preloading 0 native plugins for Editor in 0.00 ms.
Mono: successfully reloaded assembly
- Completed reload, in  1.610 seconds
Platform modules already initialized, skipping
Refreshing native plugins compatible for Editor in 0.69 ms, found 1 plugins.
Preloading 0 native plugins for Editor in 0.00 ms.
Unloading 1813 Unused Serialized files (Serialized files now loaded: 0)
System memory in use before: 89.0 MB.
System memory in use after: 89.0 MB.

Unloading 12 unused Assets to reduce memory usage. Loaded Objects now: 2407.
Total: 13.437200 ms (FindLiveObjects: 0.586100 ms CreateObjectMapping: 0.211100 ms MarkObjects: 12.467000 ms  DeleteObjects: 0.170800 ms)

========================================================================
Received Prepare
Registering precompiled user dll's ...
Registered in 0.000805 seconds.
Begin MonoManager ReloadAssembly
Native extension for WindowsStandalone target not found
Refreshing native plugins compatible for Editor in 0.42 ms, found 1 plugins.
Preloading 0 native plugins for Editor in 0.00 ms.
Mono: successfully reloaded assembly
- Completed reload, in  1.132 seconds
Platform modules already initialized, skipping
Refreshing native plugins compatible for Editor in 0.63 ms, found 1 plugins.
Preloading 0 native plugins for Editor in 0.00 ms.
Unloading 1813 Unused Serialized files (Serialized files now loaded: 0)
System memory in use before: 89.0 MB.
System memory in use after: 89.0 MB.

Unloading 12 unused Assets to reduce memory usage. Loaded Objects now: 2411.
Total: 3.845100 ms (FindLiveObjects: 0.394900 ms CreateObjectMapping: 0.147000 ms MarkObjects: 3.125300 ms  DeleteObjects: 0.176200 ms)

========================================================================
Received Prepare
Registering precompiled user dll's ...
Registered in 0.000798 seconds.
Begin MonoManager ReloadAssembly
Native extension for WindowsStandalone target not found
Refreshing native plugins compatible for Editor in 1.55 ms, found 1 plugins.
Preloading 0 native plugins for Editor in 0.00 ms.
Mono: successfully reloaded assembly
- Completed reload, in  1.318 seconds
Platform modules already initialized, skipping
Refreshing native plugins compatible for Editor in 0.67 ms, found 1 plugins.
Preloading 0 native plugins for Editor in 0.00 ms.
Unloading 1813 Unused Serialized files (Serialized files now loaded: 0)
System memory in use before: 89.0 MB.
System memory in use after: 89.0 MB.

Unloading 12 unused Assets to reduce memory usage. Loaded Objects now: 2415.
Total: 3.835100 ms (FindLiveObjects: 0.388700 ms CreateObjectMapping: 0.134400 ms MarkObjects: 3.144900 ms  DeleteObjects: 0.164500 ms)

========================================================================
Received Prepare
Registering precompiled user dll's ...
Registered in 0.000883 seconds.
Begin MonoManager ReloadAssembly
Native extension for WindowsStandalone target not found
Refreshing native plugins compatible for Editor in 0.51 ms, found 1 plugins.
Preloading 0 native plugins for Editor in 0.00 ms.
Mono: successfully reloaded assembly
- Completed reload, in  1.147 seconds
Platform modules already initialized, skipping
Refreshing native plugins compatible for Editor in 0.63 ms, found 1 plugins.
Preloading 0 native plugins for Editor in 0.00 ms.
Unloading 1813 Unused Serialized files (Serialized files now loaded: 0)
System memory in use before: 89.0 MB.
System memory in use after: 89.0 MB.

Unloading 12 unused Assets to reduce memory usage. Loaded Objects now: 2419.
Total: 4.107400 ms (FindLiveObjects: 0.365000 ms CreateObjectMapping: 0.197000 ms MarkObjects: 3.347600 ms  DeleteObjects: 0.195200 ms)

========================================================================
Received Import Request.
  Time since last request: 1716.692741 seconds.
  path: Assets/Art/UI/star/star_rotate.anim
  artifactKey: Guid(21bf85532c4ab8e4dac74be4435479f5) Importer(815301076,1909f56bfc062723c751e8b465ee728b)
Start importing Assets/Art/UI/star/star_rotate.anim using Guid(21bf85532c4ab8e4dac74be4435479f5) Importer(815301076,1909f56bfc062723c751e8b465ee728b)  -> (artifact id: '59db88e477fa87a410d38127e842045a') in 0.021550 seconds
  Import took 0.027768 seconds .

========================================================================
Received Import Request.
  Time since last request: 0.005515 seconds.
  path: Assets/Art/UI/star/star_rotate.anim
  artifactKey: Guid(21bf85532c4ab8e4dac74be4435479f5) Importer(815301076,1909f56bfc062723c751e8b465ee728b)
Start importing Assets/Art/UI/star/star_rotate.anim using Guid(21bf85532c4ab8e4dac74be4435479f5) Importer(815301076,1909f56bfc062723c751e8b465ee728b)  -> (artifact id: '59db88e477fa87a410d38127e842045a') in 0.009641 seconds
  Import took 0.014128 seconds .

========================================================================
Received Prepare
Registering precompiled user dll's ...
Registered in 0.007349 seconds.
Begin MonoManager ReloadAssembly
Native extension for WindowsStandalone target not found
Refreshing native plugins compatible for Editor in 0.39 ms, found 1 plugins.
Preloading 0 native plugins for Editor in 0.00 ms.
Mono: successfully reloaded assembly
- Completed reload, in  1.868 seconds
Platform modules already initialized, skipping
Refreshing native plugins compatible for Editor in 0.65 ms, found 1 plugins.
Preloading 0 native plugins for Editor in 0.00 ms.
Unloading 1813 Unused Serialized files (Serialized files now loaded: 0)
System memory in use before: 89.0 MB.
System memory in use after: 89.0 MB.

Unloading 12 unused Assets to reduce memory usage. Loaded Objects now: 2423.
Total: 3.728000 ms (FindLiveObjects: 0.345500 ms CreateObjectMapping: 0.157100 ms MarkObjects: 3.051000 ms  DeleteObjects: 0.172700 ms)

========================================================================
Received Prepare
Registering precompiled user dll's ...
Registered in 0.003282 seconds.
Begin MonoManager ReloadAssembly
Native extension for WindowsStandalone target not found
Refreshing native plugins compatible for Editor in 0.57 ms, found 1 plugins.
Preloading 0 native plugins for Editor in 0.00 ms.
Mono: successfully reloaded assembly
- Completed reload, in  2.650 seconds
Platform modules already initialized, skipping
Refreshing native plugins compatible for Editor in 0.64 ms, found 1 plugins.
Preloading 0 native plugins for Editor in 0.00 ms.
Unloading 1813 Unused Serialized files (Serialized files now loaded: 0)
System memory in use before: 89.0 MB.
System memory in use after: 89.0 MB.

Unloading 12 unused Assets to reduce memory usage. Loaded Objects now: 2427.
Total: 3.844400 ms (FindLiveObjects: 0.351300 ms CreateObjectMapping: 0.142200 ms MarkObjects: 3.170400 ms  DeleteObjects: 0.178500 ms)

========================================================================
Received Prepare
Registering precompiled user dll's ...
Registered in 0.000814 seconds.
Begin MonoManager ReloadAssembly
Native extension for WindowsStandalone target not found
Refreshing native plugins compatible for Editor in 0.62 ms, found 1 plugins.
Preloading 0 native plugins for Editor in 0.00 ms.
Mono: successfully reloaded assembly
- Completed reload, in  1.272 seconds
Platform modules already initialized, skipping
Refreshing native plugins compatible for Editor in 0.66 ms, found 1 plugins.
Preloading 0 native plugins for Editor in 0.00 ms.
Unloading 1813 Unused Serialized files (Serialized files now loaded: 0)
System memory in use before: 89.0 MB.
System memory in use after: 89.0 MB.

Unloading 12 unused Assets to reduce memory usage. Loaded Objects now: 2431.
Total: 3.725000 ms (FindLiveObjects: 0.369000 ms CreateObjectMapping: 0.179500 ms MarkObjects: 3.001400 ms  DeleteObjects: 0.173500 ms)

========================================================================
Received Prepare
Registering precompiled user dll's ...
Registered in 0.002402 seconds.
Begin MonoManager ReloadAssembly
Native extension for WindowsStandalone target not found
Refreshing native plugins compatible for Editor in 0.41 ms, found 1 plugins.
Preloading 0 native plugins for Editor in 0.00 ms.
Mono: successfully reloaded assembly
- Completed reload, in  1.751 seconds
Platform modules already initialized, skipping
Refreshing native plugins compatible for Editor in 1.31 ms, found 1 plugins.
Preloading 0 native plugins for Editor in 0.00 ms.
Unloading 1813 Unused Serialized files (Serialized files now loaded: 0)
System memory in use before: 89.0 MB.
System memory in use after: 89.0 MB.

Unloading 12 unused Assets to reduce memory usage. Loaded Objects now: 2435.
Total: 18.326400 ms (FindLiveObjects: 1.478800 ms CreateObjectMapping: 0.666200 ms MarkObjects: 15.751300 ms  DeleteObjects: 0.426400 ms)

========================================================================
Received Prepare
Registering precompiled user dll's ...
Registered in 0.000785 seconds.
Begin MonoManager ReloadAssembly
Native extension for WindowsStandalone target not found
Refreshing native plugins compatible for Editor in 0.65 ms, found 1 plugins.
Preloading 0 native plugins for Editor in 0.00 ms.
Mono: successfully reloaded assembly
- Completed reload, in  1.732 seconds
Platform modules already initialized, skipping
Refreshing native plugins compatible for Editor in 1.71 ms, found 1 plugins.
Preloading 0 native plugins for Editor in 0.00 ms.
Unloading 1813 Unused Serialized files (Serialized files now loaded: 0)
System memory in use before: 89.0 MB.
System memory in use after: 89.0 MB.

Unloading 12 unused Assets to reduce memory usage. Loaded Objects now: 2439.
Total: 7.523300 ms (FindLiveObjects: 1.616900 ms CreateObjectMapping: 0.839500 ms MarkObjects: 4.789000 ms  DeleteObjects: 0.273400 ms)

========================================================================
Received Prepare
Registering precompiled user dll's ...
Registered in 0.001119 seconds.
Begin MonoManager ReloadAssembly
Native extension for WindowsStandalone target not found
Refreshing native plugins compatible for Editor in 0.66 ms, found 1 plugins.
Preloading 0 native plugins for Editor in 0.00 ms.
Mono: successfully reloaded assembly
- Completed reload, in  1.332 seconds
Platform modules already initialized, skipping
Refreshing native plugins compatible for Editor in 0.63 ms, found 1 plugins.
Preloading 0 native plugins for Editor in 0.00 ms.
Unloading 1813 Unused Serialized files (Serialized files now loaded: 0)
System memory in use before: 89.1 MB.
System memory in use after: 89.0 MB.

Unloading 12 unused Assets to reduce memory usage. Loaded Objects now: 2443.
Total: 3.757800 ms (FindLiveObjects: 0.390000 ms CreateObjectMapping: 0.151700 ms MarkObjects: 3.044500 ms  DeleteObjects: 0.169400 ms)

========================================================================
Received Prepare
Registering precompiled user dll's ...
Registered in 0.000791 seconds.
Begin MonoManager ReloadAssembly
Native extension for WindowsStandalone target not found
Refreshing native plugins compatible for Editor in 0.43 ms, found 1 plugins.
Preloading 0 native plugins for Editor in 0.00 ms.
Mono: successfully reloaded assembly
- Completed reload, in  1.951 seconds
Platform modules already initialized, skipping
Refreshing native plugins compatible for Editor in 0.68 ms, found 1 plugins.
Preloading 0 native plugins for Editor in 0.00 ms.
Unloading 1813 Unused Serialized files (Serialized files now loaded: 0)
System memory in use before: 89.1 MB.
System memory in use after: 89.0 MB.

Unloading 12 unused Assets to reduce memory usage. Loaded Objects now: 2447.
Total: 3.809100 ms (FindLiveObjects: 0.343800 ms CreateObjectMapping: 0.194300 ms MarkObjects: 3.088700 ms  DeleteObjects: 0.180100 ms)

========================================================================
Received Prepare
Registering precompiled user dll's ...
Registered in 0.000862 seconds.
Begin MonoManager ReloadAssembly
Native extension for WindowsStandalone target not found
Refreshing native plugins compatible for Editor in 0.41 ms, found 1 plugins.
Preloading 0 native plugins for Editor in 0.00 ms.
Mono: successfully reloaded assembly
- Completed reload, in  1.893 seconds
Platform modules already initialized, skipping
Refreshing native plugins compatible for Editor in 0.70 ms, found 1 plugins.
Preloading 0 native plugins for Editor in 0.00 ms.
Unloading 1813 Unused Serialized files (Serialized files now loaded: 0)
System memory in use before: 89.1 MB.
System memory in use after: 89.1 MB.

Unloading 12 unused Assets to reduce memory usage. Loaded Objects now: 2451.
Total: 4.206900 ms (FindLiveObjects: 0.341100 ms CreateObjectMapping: 0.268600 ms MarkObjects: 3.420700 ms  DeleteObjects: 0.174600 ms)

========================================================================
Received Prepare
Registering precompiled user dll's ...
Registered in 0.000862 seconds.
Begin MonoManager ReloadAssembly
Native extension for WindowsStandalone target not found
Refreshing native plugins compatible for Editor in 0.46 ms, found 1 plugins.
Preloading 0 native plugins for Editor in 0.00 ms.
Mono: successfully reloaded assembly
- Completed reload, in  1.111 seconds
Platform modules already initialized, skipping
Refreshing native plugins compatible for Editor in 0.65 ms, found 1 plugins.
Preloading 0 native plugins for Editor in 0.00 ms.
Unloading 1813 Unused Serialized files (Serialized files now loaded: 0)
System memory in use before: 89.1 MB.
System memory in use after: 89.1 MB.

Unloading 12 unused Assets to reduce memory usage. Loaded Objects now: 2455.
Total: 4.046900 ms (FindLiveObjects: 0.395500 ms CreateObjectMapping: 0.143900 ms MarkObjects: 3.336400 ms  DeleteObjects: 0.168600 ms)

========================================================================
Received Prepare
Registering precompiled user dll's ...
Registered in 0.001883 seconds.
Begin MonoManager ReloadAssembly
Native extension for WindowsStandalone target not found
Refreshing native plugins compatible for Editor in 0.94 ms, found 1 plugins.
Preloading 0 native plugins for Editor in 0.00 ms.
Mono: successfully reloaded assembly
- Completed reload, in  2.873 seconds
Platform modules already initialized, skipping
Refreshing native plugins compatible for Editor in 0.76 ms, found 1 plugins.
Preloading 0 native plugins for Editor in 0.00 ms.
Unloading 1813 Unused Serialized files (Serialized files now loaded: 0)
System memory in use before: 89.1 MB.
System memory in use after: 89.1 MB.

Unloading 12 unused Assets to reduce memory usage. Loaded Objects now: 2459.
Total: 6.487700 ms (FindLiveObjects: 1.031700 ms CreateObjectMapping: 0.240000 ms MarkObjects: 5.039300 ms  DeleteObjects: 0.173900 ms)

========================================================================
Received Prepare
Registering precompiled user dll's ...
Registered in 0.000850 seconds.
Begin MonoManager ReloadAssembly
Native extension for WindowsStandalone target not found
Refreshing native plugins compatible for Editor in 0.72 ms, found 1 plugins.
Preloading 0 native plugins for Editor in 0.00 ms.
Mono: successfully reloaded assembly
- Completed reload, in  1.753 seconds
Platform modules already initialized, skipping
Refreshing native plugins compatible for Editor in 0.73 ms, found 1 plugins.
Preloading 0 native plugins for Editor in 0.00 ms.
Unloading 1813 Unused Serialized files (Serialized files now loaded: 0)
System memory in use before: 89.1 MB.
System memory in use after: 89.1 MB.

Unloading 12 unused Assets to reduce memory usage. Loaded Objects now: 2463.
Total: 4.516500 ms (FindLiveObjects: 0.548400 ms CreateObjectMapping: 0.625600 ms MarkObjects: 3.170500 ms  DeleteObjects: 0.170200 ms)

========================================================================
Received Prepare
Registering precompiled user dll's ...
Registered in 0.001018 seconds.
Begin MonoManager ReloadAssembly
Native extension for WindowsStandalone target not found
Refreshing native plugins compatible for Editor in 0.43 ms, found 1 plugins.
Preloading 0 native plugins for Editor in 0.00 ms.
Mono: successfully reloaded assembly
- Completed reload, in  1.217 seconds
Platform modules already initialized, skipping
Refreshing native plugins compatible for Editor in 0.63 ms, found 1 plugins.
Preloading 0 native plugins for Editor in 0.00 ms.
Unloading 1813 Unused Serialized files (Serialized files now loaded: 0)
System memory in use before: 89.1 MB.
System memory in use after: 89.1 MB.

Unloading 12 unused Assets to reduce memory usage. Loaded Objects now: 2467.
Total: 5.123900 ms (FindLiveObjects: 0.394300 ms CreateObjectMapping: 0.188200 ms MarkObjects: 4.331500 ms  DeleteObjects: 0.207500 ms)

========================================================================
Received Import Request.
  Time since last request: 3077.501915 seconds.
  path: Assets/Scenes/inventory_btn.prefab
  artifactKey: Guid(a6882b65478241046a948d3bc103179a) Importer(815301076,1909f56bfc062723c751e8b465ee728b)
Start importing Assets/Scenes/inventory_btn.prefab using Guid(a6882b65478241046a948d3bc103179a) Importer(815301076,1909f56bfc062723c751e8b465ee728b)  -> (artifact id: 'e559289381d3f9c4b2f2dc6c59974ff9') in 0.132625 seconds
  Import took 0.144686 seconds .

========================================================================
Received Import Request.
  Time since last request: 7.016036 seconds.
  path: Assets/inventory_btn_highlight.anim
  artifactKey: Guid(aa710ffa78db4f742a4cfe37ab8c2ed0) Importer(815301076,1909f56bfc062723c751e8b465ee728b)
Start importing Assets/inventory_btn_highlight.anim using Guid(aa710ffa78db4f742a4cfe37ab8c2ed0) Importer(815301076,1909f56bfc062723c751e8b465ee728b)  -> (artifact id: '31e79ca204da0f8af9c31e5761c3fd19') in 0.010245 seconds
  Import took 0.015522 seconds .

========================================================================
Received Import Request.
  Time since last request: 0.003361 seconds.
  path: Assets/inventory_btn_highlight.anim
  artifactKey: Guid(aa710ffa78db4f742a4cfe37ab8c2ed0) Importer(815301076,1909f56bfc062723c751e8b465ee728b)
Start importing Assets/inventory_btn_highlight.anim using Guid(aa710ffa78db4f742a4cfe37ab8c2ed0) Importer(815301076,1909f56bfc062723c751e8b465ee728b)  -> (artifact id: '31e79ca204da0f8af9c31e5761c3fd19') in 0.006314 seconds
  Import took 0.011057 seconds .

========================================================================
Received Import Request.
  Time since last request: 3.043712 seconds.
  path: Assets/inventory_btn_highlight.anim
  artifactKey: Guid(aa710ffa78db4f742a4cfe37ab8c2ed0) Importer(815301076,1909f56bfc062723c751e8b465ee728b)
Start importing Assets/inventory_btn_highlight.anim using Guid(aa710ffa78db4f742a4cfe37ab8c2ed0) Importer(815301076,1909f56bfc062723c751e8b465ee728b)  -> (artifact id: 'cf5312b8da4dcd19cb82a4c7e123c1f1') in 0.009419 seconds
  Import took 0.015794 seconds .

========================================================================
Received Prepare
Registering precompiled user dll's ...
Registered in 0.000861 seconds.
Begin MonoManager ReloadAssembly
Native extension for WindowsStandalone target not found
Refreshing native plugins compatible for Editor in 0.42 ms, found 1 plugins.
Preloading 0 native plugins for Editor in 0.00 ms.
Mono: successfully reloaded assembly
- Completed reload, in  1.359 seconds
Platform modules already initialized, skipping
Refreshing native plugins compatible for Editor in 0.67 ms, found 1 plugins.
Preloading 0 native plugins for Editor in 0.00 ms.
Unloading 1814 Unused Serialized files (Serialized files now loaded: 0)
System memory in use before: 89.1 MB.
System memory in use after: 89.1 MB.

Unloading 12 unused Assets to reduce memory usage. Loaded Objects now: 2472.
Total: 3.674200 ms (FindLiveObjects: 0.378400 ms CreateObjectMapping: 0.142000 ms MarkObjects: 2.977100 ms  DeleteObjects: 0.174800 ms)

========================================================================
Received Prepare
Registering precompiled user dll's ...
Registered in 0.001164 seconds.
Begin MonoManager ReloadAssembly
Native extension for WindowsStandalone target not found
Refreshing native plugins compatible for Editor in 0.42 ms, found 1 plugins.
Preloading 0 native plugins for Editor in 0.00 ms.
Mono: successfully reloaded assembly
- Completed reload, in  1.368 seconds
Platform modules already initialized, skipping
Refreshing native plugins compatible for Editor in 0.65 ms, found 1 plugins.
Preloading 0 native plugins for Editor in 0.00 ms.
Unloading 1814 Unused Serialized files (Serialized files now loaded: 0)
System memory in use before: 89.1 MB.
System memory in use after: 89.1 MB.

Unloading 12 unused Assets to reduce memory usage. Loaded Objects now: 2476.
Total: 5.347900 ms (FindLiveObjects: 1.928600 ms CreateObjectMapping: 0.183900 ms MarkObjects: 3.061000 ms  DeleteObjects: 0.172200 ms)

========================================================================
Received Prepare
Registering precompiled user dll's ...
Registered in 0.000812 seconds.
Begin MonoManager ReloadAssembly
Native extension for WindowsStandalone target not found
Refreshing native plugins compatible for Editor in 0.43 ms, found 1 plugins.
Preloading 0 native plugins for Editor in 0.00 ms.
Mono: successfully reloaded assembly
- Completed reload, in  1.539 seconds
Platform modules already initialized, skipping
Refreshing native plugins compatible for Editor in 0.68 ms, found 1 plugins.
Preloading 0 native plugins for Editor in 0.00 ms.
Unloading 1814 Unused Serialized files (Serialized files now loaded: 0)
System memory in use before: 89.1 MB.
System memory in use after: 89.1 MB.

Unloading 12 unused Assets to reduce memory usage. Loaded Objects now: 2480.
Total: 3.765800 ms (FindLiveObjects: 0.352400 ms CreateObjectMapping: 0.127700 ms MarkObjects: 3.096700 ms  DeleteObjects: 0.187300 ms)

========================================================================
Received Prepare
Registering precompiled user dll's ...
Registered in 0.001238 seconds.
Begin MonoManager ReloadAssembly
Native extension for WindowsStandalone target not found
Refreshing native plugins compatible for Editor in 3.19 ms, found 1 plugins.
Preloading 0 native plugins for Editor in 0.00 ms.
Mono: successfully reloaded assembly
- Completed reload, in  1.287 seconds
Platform modules already initialized, skipping
Refreshing native plugins compatible for Editor in 0.68 ms, found 1 plugins.
Preloading 0 native plugins for Editor in 0.00 ms.
Unloading 1814 Unused Serialized files (Serialized files now loaded: 0)
System memory in use before: 89.1 MB.
System memory in use after: 89.1 MB.

Unloading 12 unused Assets to reduce memory usage. Loaded Objects now: 2484.
Total: 4.850000 ms (FindLiveObjects: 0.395000 ms CreateObjectMapping: 0.157100 ms MarkObjects: 4.109900 ms  DeleteObjects: 0.185200 ms)

========================================================================
Received Prepare
Registering precompiled user dll's ...
Registered in 0.000808 seconds.
Begin MonoManager ReloadAssembly
Native extension for WindowsStandalone target not found
Refreshing native plugins compatible for Editor in 0.40 ms, found 1 plugins.
Preloading 0 native plugins for Editor in 0.00 ms.
Mono: successfully reloaded assembly
- Completed reload, in  1.246 seconds
Platform modules already initialized, skipping
Refreshing native plugins compatible for Editor in 0.64 ms, found 1 plugins.
Preloading 0 native plugins for Editor in 0.00 ms.
Unloading 1814 Unused Serialized files (Serialized files now loaded: 0)
System memory in use before: 89.1 MB.
System memory in use after: 89.1 MB.

Unloading 12 unused Assets to reduce memory usage. Loaded Objects now: 2488.
Total: 4.013900 ms (FindLiveObjects: 0.350800 ms CreateObjectMapping: 0.302000 ms MarkObjects: 3.184900 ms  DeleteObjects: 0.174300 ms)

========================================================================
Received Import Request.
  Time since last request: 1005.157489 seconds.
  path: Assets/inventory_bobbing.anim
  artifactKey: Guid(4f0c68055c2d91e4aa6a3a3b0f47754d) Importer(815301076,1909f56bfc062723c751e8b465ee728b)
Start importing Assets/inventory_bobbing.anim using Guid(4f0c68055c2d91e4aa6a3a3b0f47754d) Importer(815301076,1909f56bfc062723c751e8b465ee728b)  -> (artifact id: 'f74220cadd540b18b879eb401bdc07e6') in 0.038633 seconds
  Import took 0.043679 seconds .

========================================================================
Received Import Request.
  Time since last request: 1.998856 seconds.
  path: Assets/inventory_btn.controller
  artifactKey: Guid(0063a22e314dade4388b4c3902043900) Importer(815301076,1909f56bfc062723c751e8b465ee728b)
Start importing Assets/inventory_btn.controller using Guid(0063a22e314dade4388b4c3902043900) Importer(815301076,1909f56bfc062723c751e8b465ee728b)  -> (artifact id: '5ca41103245a861a7363e792b7e9b7f9') in 0.009985 seconds
  Import took 0.013990 seconds .

========================================================================
Received Import Request.
  Time since last request: 1.044028 seconds.
  path: Assets/inventory.controller
  artifactKey: Guid(70a3a48d5c848d64fa1de71003aa07d4) Importer(815301076,1909f56bfc062723c751e8b465ee728b)
Start importing Assets/inventory.controller using Guid(70a3a48d5c848d64fa1de71003aa07d4) Importer(815301076,1909f56bfc062723c751e8b465ee728b)  -> (artifact id: 'ebbf2d5d20d179d3e257a5bd1c89a9b1') in 0.023947 seconds
  Import took 0.027980 seconds .

========================================================================
Received Prepare
Registering precompiled user dll's ...
Registered in 0.000806 seconds.
Begin MonoManager ReloadAssembly
Native extension for WindowsStandalone target not found
Refreshing native plugins compatible for Editor in 0.62 ms, found 1 plugins.
Preloading 0 native plugins for Editor in 0.00 ms.
Mono: successfully reloaded assembly
- Completed reload, in  1.287 seconds
Platform modules already initialized, skipping
Refreshing native plugins compatible for Editor in 0.65 ms, found 1 plugins.
Preloading 0 native plugins for Editor in 0.00 ms.
Unloading 1814 Unused Serialized files (Serialized files now loaded: 0)
System memory in use before: 89.1 MB.
System memory in use after: 89.1 MB.

Unloading 12 unused Assets to reduce memory usage. Loaded Objects now: 2492.
Total: 3.705900 ms (FindLiveObjects: 0.361900 ms CreateObjectMapping: 0.147200 ms MarkObjects: 3.023800 ms  DeleteObjects: 0.170900 ms)

========================================================================
Received Prepare
Registering precompiled user dll's ...
Registered in 0.002865 seconds.
Begin MonoManager ReloadAssembly
Native extension for WindowsStandalone target not found
Refreshing native plugins compatible for Editor in 0.65 ms, found 1 plugins.
Preloading 0 native plugins for Editor in 0.00 ms.
Mono: successfully reloaded assembly
- Completed reload, in  3.928 seconds
Platform modules already initialized, skipping
Refreshing native plugins compatible for Editor in 1.10 ms, found 1 plugins.
Preloading 0 native plugins for Editor in 0.00 ms.
Unloading 1814 Unused Serialized files (Serialized files now loaded: 0)
System memory in use before: 89.1 MB.
System memory in use after: 89.1 MB.

Unloading 12 unused Assets to reduce memory usage. Loaded Objects now: 2496.
Total: 6.433200 ms (FindLiveObjects: 0.814800 ms CreateObjectMapping: 0.398500 ms MarkObjects: 5.047700 ms  DeleteObjects: 0.170100 ms)

========================================================================
Received Prepare
Registering precompiled user dll's ...
Registered in 0.000813 seconds.
Begin MonoManager ReloadAssembly
Native extension for WindowsStandalone target not found
Refreshing native plugins compatible for Editor in 0.65 ms, found 1 plugins.
Preloading 0 native plugins for Editor in 0.00 ms.
Mono: successfully reloaded assembly
- Completed reload, in  1.508 seconds
Platform modules already initialized, skipping
Refreshing native plugins compatible for Editor in 0.64 ms, found 1 plugins.
Preloading 0 native plugins for Editor in 0.00 ms.
Unloading 1814 Unused Serialized files (Serialized files now loaded: 0)
System memory in use before: 89.1 MB.
System memory in use after: 89.1 MB.

Unloading 12 unused Assets to reduce memory usage. Loaded Objects now: 2500.
Total: 3.769200 ms (FindLiveObjects: 0.413500 ms CreateObjectMapping: 0.155900 ms MarkObjects: 3.028100 ms  DeleteObjects: 0.168900 ms)

========================================================================
Received Prepare
Registering precompiled user dll's ...
Registered in 0.001837 seconds.
Begin MonoManager ReloadAssembly
Native extension for WindowsStandalone target not found
Refreshing native plugins compatible for Editor in 0.41 ms, found 1 plugins.
Preloading 0 native plugins for Editor in 0.00 ms.
Mono: successfully reloaded assembly
- Completed reload, in  1.316 seconds
Platform modules already initialized, skipping
Refreshing native plugins compatible for Editor in 0.66 ms, found 1 plugins.
Preloading 0 native plugins for Editor in 0.00 ms.
Unloading 1814 Unused Serialized files (Serialized files now loaded: 0)
System memory in use before: 89.1 MB.
System memory in use after: 89.1 MB.

Unloading 12 unused Assets to reduce memory usage. Loaded Objects now: 2504.
Total: 3.903700 ms (FindLiveObjects: 0.411200 ms CreateObjectMapping: 0.164400 ms MarkObjects: 3.160500 ms  DeleteObjects: 0.165600 ms)

========================================================================
Received Prepare
Registering precompiled user dll's ...
Registered in 0.000803 seconds.
Begin MonoManager ReloadAssembly
Native extension for WindowsStandalone target not found
Refreshing native plugins compatible for Editor in 0.41 ms, found 1 plugins.
Preloading 0 native plugins for Editor in 0.00 ms.
Mono: successfully reloaded assembly
- Completed reload, in  1.311 seconds
Platform modules already initialized, skipping
Refreshing native plugins compatible for Editor in 1.76 ms, found 1 plugins.
Preloading 0 native plugins for Editor in 0.00 ms.
Unloading 1814 Unused Serialized files (Serialized files now loaded: 0)
System memory in use before: 89.2 MB.
System memory in use after: 89.1 MB.

Unloading 12 unused Assets to reduce memory usage. Loaded Objects now: 2508.
Total: 3.794000 ms (FindLiveObjects: 0.376400 ms CreateObjectMapping: 0.136500 ms MarkObjects: 3.098500 ms  DeleteObjects: 0.180000 ms)

========================================================================
Received Prepare
Registering precompiled user dll's ...
Registered in 0.002217 seconds.
Begin MonoManager ReloadAssembly
Native extension for WindowsStandalone target not found
Refreshing native plugins compatible for Editor in 0.44 ms, found 1 plugins.
Preloading 0 native plugins for Editor in 0.00 ms.
Mono: successfully reloaded assembly
- Completed reload, in  1.186 seconds
Platform modules already initialized, skipping
Refreshing native plugins compatible for Editor in 0.68 ms, found 1 plugins.
Preloading 0 native plugins for Editor in 0.00 ms.
Unloading 1814 Unused Serialized files (Serialized files now loaded: 0)
System memory in use before: 89.2 MB.
System memory in use after: 89.1 MB.

Unloading 12 unused Assets to reduce memory usage. Loaded Objects now: 2512.
Total: 10.670400 ms (FindLiveObjects: 0.896300 ms CreateObjectMapping: 0.276500 ms MarkObjects: 9.209000 ms  DeleteObjects: 0.285100 ms)

========================================================================
Received Prepare
Registering precompiled user dll's ...
Registered in 0.000795 seconds.
Begin MonoManager ReloadAssembly
Native extension for WindowsStandalone target not found
Refreshing native plugins compatible for Editor in 0.40 ms, found 1 plugins.
Preloading 0 native plugins for Editor in 0.00 ms.
Mono: successfully reloaded assembly
- Completed reload, in  1.307 seconds
Platform modules already initialized, skipping
Refreshing native plugins compatible for Editor in 0.66 ms, found 1 plugins.
Preloading 0 native plugins for Editor in 0.00 ms.
Unloading 1814 Unused Serialized files (Serialized files now loaded: 0)
System memory in use before: 89.2 MB.
System memory in use after: 89.2 MB.

Unloading 12 unused Assets to reduce memory usage. Loaded Objects now: 2516.
Total: 4.299300 ms (FindLiveObjects: 0.567400 ms CreateObjectMapping: 0.184800 ms MarkObjects: 3.349300 ms  DeleteObjects: 0.195100 ms)

========================================================================
Received Prepare
Registering precompiled user dll's ...
Registered in 0.003267 seconds.
Begin MonoManager ReloadAssembly
Native extension for WindowsStandalone target not found
Refreshing native plugins compatible for Editor in 0.62 ms, found 1 plugins.
Preloading 0 native plugins for Editor in 0.00 ms.
Mono: successfully reloaded assembly
- Completed reload, in  1.454 seconds
Platform modules already initialized, skipping
Refreshing native plugins compatible for Editor in 0.63 ms, found 1 plugins.
Preloading 0 native plugins for Editor in 0.00 ms.
Unloading 1814 Unused Serialized files (Serialized files now loaded: 0)
System memory in use before: 89.2 MB.
System memory in use after: 89.2 MB.

Unloading 12 unused Assets to reduce memory usage. Loaded Objects now: 2520.
Total: 3.906900 ms (FindLiveObjects: 0.429100 ms CreateObjectMapping: 0.248600 ms MarkObjects: 3.045500 ms  DeleteObjects: 0.182100 ms)

========================================================================
Received Prepare
Registering precompiled user dll's ...
Registered in 0.001162 seconds.
Begin MonoManager ReloadAssembly
Native extension for WindowsStandalone target not found
Refreshing native plugins compatible for Editor in 0.40 ms, found 1 plugins.
Preloading 0 native plugins for Editor in 0.00 ms.
Mono: successfully reloaded assembly
- Completed reload, in  1.264 seconds
Platform modules already initialized, skipping
Refreshing native plugins compatible for Editor in 3.46 ms, found 1 plugins.
Preloading 0 native plugins for Editor in 0.00 ms.
Unloading 1814 Unused Serialized files (Serialized files now loaded: 0)
System memory in use before: 89.2 MB.
System memory in use after: 89.2 MB.

Unloading 12 unused Assets to reduce memory usage. Loaded Objects now: 2524.
Total: 4.055300 ms (FindLiveObjects: 0.379300 ms CreateObjectMapping: 0.155800 ms MarkObjects: 3.333800 ms  DeleteObjects: 0.184700 ms)

========================================================================
Received Prepare
Registering precompiled user dll's ...
Registered in 0.000829 seconds.
Begin MonoManager ReloadAssembly
Native extension for WindowsStandalone target not found
Refreshing native plugins compatible for Editor in 0.42 ms, found 1 plugins.
Preloading 0 native plugins for Editor in 0.00 ms.
Mono: successfully reloaded assembly
- Completed reload, in  1.265 seconds
Platform modules already initialized, skipping
Refreshing native plugins compatible for Editor in 0.87 ms, found 1 plugins.
Preloading 0 native plugins for Editor in 0.00 ms.
Unloading 1814 Unused Serialized files (Serialized files now loaded: 0)
System memory in use before: 89.2 MB.
System memory in use after: 89.2 MB.

Unloading 12 unused Assets to reduce memory usage. Loaded Objects now: 2528.
Total: 3.749100 ms (FindLiveObjects: 0.385100 ms CreateObjectMapping: 0.135200 ms MarkObjects: 3.050200 ms  DeleteObjects: 0.176400 ms)

========================================================================
Received Prepare
Registering precompiled user dll's ...
Registered in 0.001178 seconds.
Begin MonoManager ReloadAssembly
Native extension for WindowsStandalone target not found
Refreshing native plugins compatible for Editor in 0.45 ms, found 1 plugins.
Preloading 0 native plugins for Editor in 0.00 ms.
Mono: successfully reloaded assembly
- Completed reload, in  1.713 seconds
Platform modules already initialized, skipping
Refreshing native plugins compatible for Editor in 0.71 ms, found 1 plugins.
Preloading 0 native plugins for Editor in 0.00 ms.
Unloading 1814 Unused Serialized files (Serialized files now loaded: 0)
System memory in use before: 89.2 MB.
System memory in use after: 89.2 MB.

Unloading 12 unused Assets to reduce memory usage. Loaded Objects now: 2532.
Total: 4.487600 ms (FindLiveObjects: 0.405800 ms CreateObjectMapping: 0.158200 ms MarkObjects: 3.749200 ms  DeleteObjects: 0.172300 ms)

========================================================================
Received Prepare
Registering precompiled user dll's ...
Registered in 0.000800 seconds.
Begin MonoManager ReloadAssembly
Native extension for WindowsStandalone target not found
Refreshing native plugins compatible for Editor in 0.41 ms, found 1 plugins.
Preloading 0 native plugins for Editor in 0.00 ms.
Mono: successfully reloaded assembly
- Completed reload, in  1.261 seconds
Platform modules already initialized, skipping
Refreshing native plugins compatible for Editor in 0.66 ms, found 1 plugins.
Preloading 0 native plugins for Editor in 0.00 ms.
Unloading 1814 Unused Serialized files (Serialized files now loaded: 0)
System memory in use before: 89.2 MB.
System memory in use after: 89.2 MB.

Unloading 12 unused Assets to reduce memory usage. Loaded Objects now: 2536.
Total: 4.754400 ms (FindLiveObjects: 0.408400 ms CreateObjectMapping: 0.452600 ms MarkObjects: 3.723200 ms  DeleteObjects: 0.167800 ms)

========================================================================
Received Prepare
Registering precompiled user dll's ...
Registered in 0.000804 seconds.
Begin MonoManager ReloadAssembly
Native extension for WindowsStandalone target not found
Refreshing native plugins compatible for Editor in 0.42 ms, found 1 plugins.
Preloading 0 native plugins for Editor in 0.00 ms.
Mono: successfully reloaded assembly
- Completed reload, in  1.267 seconds
Platform modules already initialized, skipping
Refreshing native plugins compatible for Editor in 0.64 ms, found 1 plugins.
Preloading 0 native plugins for Editor in 0.00 ms.
Unloading 1814 Unused Serialized files (Serialized files now loaded: 0)
System memory in use before: 89.2 MB.
System memory in use after: 89.2 MB.

Unloading 12 unused Assets to reduce memory usage. Loaded Objects now: 2540.
Total: 3.702100 ms (FindLiveObjects: 0.378000 ms CreateObjectMapping: 0.134300 ms MarkObjects: 3.019800 ms  DeleteObjects: 0.168500 ms)

========================================================================
Received Prepare
Registering precompiled user dll's ...
Registered in 0.001207 seconds.
Begin MonoManager ReloadAssembly
Native extension for WindowsStandalone target not found
Refreshing native plugins compatible for Editor in 0.40 ms, found 1 plugins.
Preloading 0 native plugins for Editor in 0.00 ms.
Mono: successfully reloaded assembly
- Completed reload, in  1.239 seconds
Platform modules already initialized, skipping
Refreshing native plugins compatible for Editor in 0.65 ms, found 1 plugins.
Preloading 0 native plugins for Editor in 0.00 ms.
Unloading 1814 Unused Serialized files (Serialized files now loaded: 0)
System memory in use before: 89.2 MB.
System memory in use after: 89.2 MB.

Unloading 12 unused Assets to reduce memory usage. Loaded Objects now: 2544.
Total: 4.099000 ms (FindLiveObjects: 0.632700 ms CreateObjectMapping: 0.188600 ms MarkObjects: 3.096000 ms  DeleteObjects: 0.180100 ms)

========================================================================
Received Prepare
Registering precompiled user dll's ...
Registered in 0.003057 seconds.
Begin MonoManager ReloadAssembly
Native extension for WindowsStandalone target not found
Refreshing native plugins compatible for Editor in 0.39 ms, found 1 plugins.
Preloading 0 native plugins for Editor in 0.00 ms.
Mono: successfully reloaded assembly
- Completed reload, in  1.069 seconds
Platform modules already initialized, skipping
Refreshing native plugins compatible for Editor in 0.66 ms, found 1 plugins.
Preloading 0 native plugins for Editor in 0.00 ms.
Unloading 1814 Unused Serialized files (Serialized files now loaded: 0)
System memory in use before: 89.2 MB.
System memory in use after: 89.2 MB.

Unloading 12 unused Assets to reduce memory usage. Loaded Objects now: 2548.
Total: 3.828500 ms (FindLiveObjects: 0.366900 ms CreateObjectMapping: 0.154400 ms MarkObjects: 3.123900 ms  DeleteObjects: 0.180800 ms)

========================================================================
Received Prepare
Registering precompiled user dll's ...
Registered in 0.001284 seconds.
Begin MonoManager ReloadAssembly
Native extension for WindowsStandalone target not found
Refreshing native plugins compatible for Editor in 0.42 ms, found 1 plugins.
Preloading 0 native plugins for Editor in 0.00 ms.
Mono: successfully reloaded assembly
- Completed reload, in  1.321 seconds
Platform modules already initialized, skipping
Refreshing native plugins compatible for Editor in 0.65 ms, found 1 plugins.
Preloading 0 native plugins for Editor in 0.00 ms.
Unloading 1814 Unused Serialized files (Serialized files now loaded: 0)
System memory in use before: 89.3 MB.
System memory in use after: 89.2 MB.

Unloading 12 unused Assets to reduce memory usage. Loaded Objects now: 2552.
Total: 4.133800 ms (FindLiveObjects: 0.404100 ms CreateObjectMapping: 0.355600 ms MarkObjects: 3.184900 ms  DeleteObjects: 0.186300 ms)

========================================================================
Received Prepare
Registering precompiled user dll's ...
Registered in 0.009597 seconds.
Begin MonoManager ReloadAssembly
Native extension for WindowsStandalone target not found
Refreshing native plugins compatible for Editor in 0.40 ms, found 1 plugins.
Preloading 0 native plugins for Editor in 0.00 ms.
Mono: successfully reloaded assembly
- Completed reload, in  1.222 seconds
Platform modules already initialized, skipping
Refreshing native plugins compatible for Editor in 0.65 ms, found 1 plugins.
Preloading 0 native plugins for Editor in 0.00 ms.
Unloading 1814 Unused Serialized files (Serialized files now loaded: 0)
System memory in use before: 89.3 MB.
System memory in use after: 89.2 MB.

Unloading 12 unused Assets to reduce memory usage. Loaded Objects now: 2556.
Total: 3.931000 ms (FindLiveObjects: 0.538400 ms CreateObjectMapping: 0.183800 ms MarkObjects: 3.033800 ms  DeleteObjects: 0.172500 ms)

========================================================================
Received Prepare
Registering precompiled user dll's ...
Registered in 0.001206 seconds.
Begin MonoManager ReloadAssembly
Native extension for WindowsStandalone target not found
Refreshing native plugins compatible for Editor in 0.62 ms, found 1 plugins.
Preloading 0 native plugins for Editor in 0.00 ms.
Mono: successfully reloaded assembly
- Completed reload, in  1.643 seconds
Platform modules already initialized, skipping
Refreshing native plugins compatible for Editor in 0.68 ms, found 1 plugins.
Preloading 0 native plugins for Editor in 0.00 ms.
Unloading 1814 Unused Serialized files (Serialized files now loaded: 0)
System memory in use before: 89.3 MB.
System memory in use after: 89.3 MB.

Unloading 12 unused Assets to reduce memory usage. Loaded Objects now: 2560.
Total: 3.812500 ms (FindLiveObjects: 0.363400 ms CreateObjectMapping: 0.129500 ms MarkObjects: 3.147500 ms  DeleteObjects: 0.170200 ms)

========================================================================
Received Prepare
Registering precompiled user dll's ...
Registered in 0.002732 seconds.
Begin MonoManager ReloadAssembly
Native extension for WindowsStandalone target not found
Refreshing native plugins compatible for Editor in 0.39 ms, found 1 plugins.
Preloading 0 native plugins for Editor in 0.00 ms.
Mono: successfully reloaded assembly
- Completed reload, in  1.310 seconds
Platform modules already initialized, skipping
Refreshing native plugins compatible for Editor in 0.63 ms, found 1 plugins.
Preloading 0 native plugins for Editor in 0.00 ms.
Unloading 1814 Unused Serialized files (Serialized files now loaded: 0)
System memory in use before: 89.3 MB.
System memory in use after: 89.3 MB.

Unloading 12 unused Assets to reduce memory usage. Loaded Objects now: 2564.
Total: 3.760100 ms (FindLiveObjects: 0.386300 ms CreateObjectMapping: 0.138500 ms MarkObjects: 3.048500 ms  DeleteObjects: 0.184400 ms)

========================================================================
Received Prepare
Registering precompiled user dll's ...
Registered in 0.000786 seconds.
Begin MonoManager ReloadAssembly
Native extension for WindowsStandalone target not found
Refreshing native plugins compatible for Editor in 0.40 ms, found 1 plugins.
Preloading 0 native plugins for Editor in 0.00 ms.
Mono: successfully reloaded assembly
- Completed reload, in  1.301 seconds
Platform modules already initialized, skipping
Refreshing native plugins compatible for Editor in 0.68 ms, found 1 plugins.
Preloading 0 native plugins for Editor in 0.00 ms.
Unloading 1814 Unused Serialized files (Serialized files now loaded: 0)
System memory in use before: 89.3 MB.
System memory in use after: 89.3 MB.

Unloading 12 unused Assets to reduce memory usage. Loaded Objects now: 2568.
Total: 3.814800 ms (FindLiveObjects: 0.431900 ms CreateObjectMapping: 0.140500 ms MarkObjects: 3.071000 ms  DeleteObjects: 0.169600 ms)

========================================================================
Received Prepare
Registering precompiled user dll's ...
Registered in 0.294823 seconds.
Begin MonoManager ReloadAssembly
Native extension for WindowsStandalone target not found
Refreshing native plugins compatible for Editor in 0.45 ms, found 1 plugins.
Preloading 0 native plugins for Editor in 0.00 ms.
Mono: successfully reloaded assembly
- Completed reload, in  1.206 seconds
Platform modules already initialized, skipping
Refreshing native plugins compatible for Editor in 0.62 ms, found 1 plugins.
Preloading 0 native plugins for Editor in 0.00 ms.
Unloading 1814 Unused Serialized files (Serialized files now loaded: 0)
System memory in use before: 89.3 MB.
System memory in use after: 89.3 MB.

Unloading 12 unused Assets to reduce memory usage. Loaded Objects now: 2572.
Total: 6.912100 ms (FindLiveObjects: 0.682600 ms CreateObjectMapping: 0.271800 ms MarkObjects: 5.724200 ms  DeleteObjects: 0.230200 ms)

========================================================================
Received Prepare
Registering precompiled user dll's ...
Registered in 0.001126 seconds.
Begin MonoManager ReloadAssembly
Native extension for WindowsStandalone target not found
Refreshing native plugins compatible for Editor in 0.41 ms, found 1 plugins.
Preloading 0 native plugins for Editor in 0.00 ms.
Mono: successfully reloaded assembly
- Completed reload, in  1.338 seconds
Platform modules already initialized, skipping
Refreshing native plugins compatible for Editor in 0.63 ms, found 1 plugins.
Preloading 0 native plugins for Editor in 0.00 ms.
Unloading 1814 Unused Serialized files (Serialized files now loaded: 0)
System memory in use before: 89.3 MB.
System memory in use after: 89.3 MB.

Unloading 12 unused Assets to reduce memory usage. Loaded Objects now: 2576.
Total: 4.118200 ms (FindLiveObjects: 0.478100 ms CreateObjectMapping: 0.199100 ms MarkObjects: 3.220300 ms  DeleteObjects: 0.190700 ms)

========================================================================
Received Prepare
Registering precompiled user dll's ...
Registered in 0.027757 seconds.
Begin MonoManager ReloadAssembly
Native extension for WindowsStandalone target not found
Refreshing native plugins compatible for Editor in 0.47 ms, found 1 plugins.
Preloading 0 native plugins for Editor in 0.00 ms.
Mono: successfully reloaded assembly
- Completed reload, in  1.365 seconds
Platform modules already initialized, skipping
Refreshing native plugins compatible for Editor in 0.68 ms, found 1 plugins.
Preloading 0 native plugins for Editor in 0.00 ms.
Unloading 1814 Unused Serialized files (Serialized files now loaded: 0)
System memory in use before: 89.3 MB.
System memory in use after: 89.3 MB.

Unloading 12 unused Assets to reduce memory usage. Loaded Objects now: 2580.
Total: 4.543700 ms (FindLiveObjects: 0.926900 ms CreateObjectMapping: 0.235000 ms MarkObjects: 3.203100 ms  DeleteObjects: 0.176800 ms)

AssetImportWorkerClient::OnTransportError - code=2 error=End of file
